<?xml version="1.0" encoding="UTF-8"?>
<!-- Generated by org.testng.reporters.JUnitReportReporter -->
<testsuite hostname="DESKTOP-F90IL16" failures="0" tests="1" name="com.prohealth.testscripts.TC_001_LoginPage" time="6.874" errors="0" timestamp="2022-07-07T14:36:45 IST" skipped="0">
  <testcase classname="com.prohealth.testscripts.TC_001_LoginPage" name="login" time="6.874"/>
  <system-out/>
</testsuite> <!-- com.prohealth.testscripts.TC_001_LoginPage -->
